<?xml version="1.0" encoding="UTF-8"?>
<!-- Generated by org.testng.reporters.JUnitXMLReporter -->
<testsuite ignored="9" hostname="LTIN186870" failures="0" tests="1" name="Edge-Test" time="27.622" errors="0" timestamp="2024-02-28T15:26:01 IST">
  <testcase classname="testCases.TC_01_NewBikes" name="upcomingNewBikes" time="4.375"/>
  <testcase classname="testCases.TC_03_GoogleLogin" name="wrongLogin" time="0.0">
    <ignored/>
  </testcase> <!-- wrongLogin -->
  <testcase classname="testCases.TC_03_GoogleLogin" name="googleclick" time="0.0">
    <ignored/>
  </testcase> <!-- googleclick -->
  <testcase classname="testCases.TC_02_UsedCars" name="selectUsedCars" time="0.0">
    <ignored/>
  </testcase> <!-- selectUsedCars -->
  <testcase classname="testBase.BaseClass" name="@BeforeTest driverSetup" time="0.0">
    <ignored/>
  </testcase> <!-- @BeforeTest driverSetup -->
  <testcase classname="testBase.BaseClass" name="@AfterTest teardown" time="0.0">
    <ignored/>
  </testcase> <!-- @AfterTest teardown -->
  <testcase classname="testBase.BaseClass" name="@BeforeTest driverSetup" time="0.0">
    <ignored/>
  </testcase> <!-- @BeforeTest driverSetup -->
  <testcase classname="testCases.TC_02_UsedCars" name="popularModelCars" time="0.0">
    <ignored/>
  </testcase> <!-- popularModelCars -->
  <testcase classname="testBase.BaseClass" name="@AfterTest teardown" time="0.0">
    <ignored/>
  </testcase> <!-- @AfterTest teardown -->
  <testcase classname="testCases.TC_01_NewBikes" name="newHondaBikes" time="0.0">
    <ignored/>
  </testcase> <!-- newHondaBikes -->
</testsuite> <!-- Edge-Test -->
